#
# There is insufficient memory for the Java Runtime Environment to continue.
# Native memory allocation (mmap) failed to map 260046848 bytes for G1 virtual space
# Possible reasons:
#   The system is out of physical RAM or swap space
#   The process is running with CompressedOops enabled, and the Java Heap may be blocking the growth of the native heap
# Possible solutions:
#   Reduce memory load on the system
#   Increase physical memory or swap space
#   Check if swap backing store is full
#   Decrease Java heap size (-Xmx/-Xms)
#   Decrease number of Java threads
#   Decrease Java thread stack sizes (-Xss)
#   Set larger code cache with -XX:ReservedCodeCacheSize=
#   JVM is running with Zero Based Compressed Oops mode in which the Java heap is
#     placed in the first 32GB address space. The Java Heap base address is the
#     maximum limit for the native heap growth. Please use -XX:HeapBaseMinAddress
#     to set the Java Heap base and to place the Java Heap above 32GB virtual address.
# This output file may be truncated or incomplete.
#
#  Out of Memory Error (os_windows.cpp:3825), pid=8836, tid=8884
#
# JRE version:  (17.0.9) (build )
# Java VM: OpenJDK 64-Bit Server VM (17.0.9+0--11185874, mixed mode, sharing, tiered, compressed oops, compressed class ptrs, g1 gc, windows-amd64)
# No core dump will be written. Minidumps are not enabled by default on client versions of Windows
#

---------------  S U M M A R Y ------------

Command Line: git4idea.http.GitAskPassApp Username for 'https://github.com': 

Host: AMD Ryzen 7 5800H with Radeon Graphics         , 16 cores, 15G,  Windows 11 , 64 bit Build 22621 (10.0.22621.3527)
Time: Mon Jun 10 22:28:14 2024 SE Asia Standard Time elapsed time: 0.009934 seconds (0d 0h 0m 0s)

---------------  T H R E A D  ---------------

Current thread (0x0000016e21c1b7e0):  JavaThread "Unknown thread" [_thread_in_vm, id=8884, stack(0x000000211a800000,0x000000211a900000)]

Stack: [0x000000211a800000,0x000000211a900000]
Native frames: (J=compiled Java code, j=interpreted, Vv=VM code, C=native code)
V  [jvm.dll+0x6886e9]
V  [jvm.dll+0x841e4a]
V  [jvm.dll+0x843a8e]
V  [jvm.dll+0x8440f3]
V  [jvm.dll+0x24c14f]
V  [jvm.dll+0x685499]
V  [jvm.dll+0x679c2a]
V  [jvm.dll+0x30cf9b]
V  [jvm.dll+0x314446]
V  [jvm.dll+0x36425e]
V  [jvm.dll+0x36448f]
V  [jvm.dll+0x2e2d68]
V  [jvm.dll+0x2e3cd4]
V  [jvm.dll+0x8129f1]
V  [jvm.dll+0x3720c1]
V  [jvm.dll+0x7f152c]
V  [jvm.dll+0x3f5d4f]
V  [jvm.dll+0x3f7981]
C  [jli.dll+0x528f]
C  [ucrtbase.dll+0x29333]
C  [KERNEL32.DLL+0x1257d]
C  [ntdll.dll+0x5aa48]


---------------  P R O C E S S  ---------------

Threads class SMR info:
_java_thread_list=0x00007ffa4f9aef18, length=0, elements={
}

Java Threads: ( => current thread )

Other Threads:
  0x0000016e21c86a10 GCTaskThread "GC Thread#0" [stack: 0x000000211a900000,0x000000211aa00000] [id=16152]
  0x0000016e21c96fe0 ConcurrentGCThread "G1 Main Marker" [stack: 0x000000211aa00000,0x000000211ab00000] [id=3344]
  0x0000016e21c991b0 ConcurrentGCThread "G1 Conc#0" [stack: 0x000000211ab00000,0x000000211ac00000] [id=400]

[error occurred during error reporting (printing all threads), id 0xc0000005, EXCEPTION_ACCESS_VIOLATION (0xc0000005) at pc=0x00007ffa4f163937]

VM state: not at safepoint (not fully initialized)

VM Mutex/Monitor currently owned by a thread:  ([mutex/lock_event])
[0x0000016e21c16350] Heap_lock - owner thread: 0x0000016e21c1b7e0

Heap address: 0x0000000709800000, size: 3944 MB, Compressed Oops mode: Zero based, Oop shift amount: 3

CDS archive(s) mapped at: [0x0000000000000000-0x0000000000000000-0x0000000000000000), size 0, SharedBaseAddress: 0x0000000800000000, ArchiveRelocationMode: 1.
Narrow klass base: 0x0000000000000000, Narrow klass shift: 0, Narrow klass range: 0x0

GC Precious Log:
<Empty>

Heap:
 garbage-first heap   total 0K, used 0K [0x0000000709800000, 0x0000000800000000)
  region size 2048K, 0 young (0K), 0 survivors (0K)
 Metaspace       used 0K, committed 0K, reserved 0K
  class space    used 0K, committed 0K, reserved 0K

Heap Regions: E=young(eden), S=young(survivor), O=old, HS=humongous(starts), HC=humongous(continues), CS=collection set, F=free, OA=open archive, CA=closed archive, TAMS=top-at-mark-start (previous, next)

Card table byte_map: [0x0000016e35150000,0x0000016e35910000] _byte_map_base: 0x0000016e31904000

Marking Bits (Prev, Next): (CMBitMap*) 0x0000016e21c87030, (CMBitMap*) 0x0000016e21c87070
 Prev Bits: [0x0000016e360d0000, 0x0000016e39e70000)
 Next Bits: [0x0000016e39e70000, 0x0000016e3dc10000)

GC Heap History (0 events):
No events

Dll operation events (1 events):
Event: 0.006 Loaded shared library D:\android\jbr\bin\java.dll

Deoptimization events (0 events):
No events

Classes unloaded (0 events):
No events

Classes redefined (0 events):
No events

Internal exceptions (0 events):
No events

VM Operations (0 events):
No events

Events (0 events):
No events


Dynamic libraries:
0x00007ff62b650000 - 0x00007ff62b65a000 	D:\android\jbr\bin\java.exe
0x00007ffaaba90000 - 0x00007ffaabca7000 	C:\WINDOWS\SYSTEM32\ntdll.dll
0x00007ffaaa510000 - 0x00007ffaaa5d4000 	C:\WINDOWS\System32\KERNEL32.DLL
0x00007ffaa9410000 - 0x00007ffaa97b7000 	C:\WINDOWS\System32\KERNELBASE.dll
0x00007ffaa8e60000 - 0x00007ffaa8f71000 	C:\WINDOWS\System32\ucrtbase.dll
0x00007ffa3d590000 - 0x00007ffa3d5a7000 	D:\android\jbr\bin\jli.dll
0x00007ffa94390000 - 0x00007ffa943ab000 	D:\android\jbr\bin\VCRUNTIME140.dll
0x00007ffaab740000 - 0x00007ffaab8ee000 	C:\WINDOWS\System32\USER32.dll
0x00007ffa96970000 - 0x00007ffa96c03000 	C:\WINDOWS\WinSxS\amd64_microsoft.windows.common-controls_6595b64144ccf1df_6.0.22621.3527_none_270e469b73872a76\COMCTL32.dll
0x00007ffaa8f80000 - 0x00007ffaa8fa6000 	C:\WINDOWS\System32\win32u.dll
0x00007ffaab310000 - 0x00007ffaab3b7000 	C:\WINDOWS\System32\msvcrt.dll
0x00007ffaab8f0000 - 0x00007ffaab919000 	C:\WINDOWS\System32\GDI32.dll
0x00007ffaa90c0000 - 0x00007ffaa91d9000 	C:\WINDOWS\System32\gdi32full.dll
0x00007ffaa9020000 - 0x00007ffaa90ba000 	C:\WINDOWS\System32\msvcp_win.dll
0x00007ffaab520000 - 0x00007ffaab551000 	C:\WINDOWS\System32\IMM32.DLL
0x00007ffa8eb00000 - 0x00007ffa8eb0c000 	D:\android\jbr\bin\vcruntime140_1.dll
0x00007ffa77470000 - 0x00007ffa774fd000 	D:\android\jbr\bin\msvcp140.dll
0x00007ffa4ee70000 - 0x00007ffa4faf3000 	D:\android\jbr\bin\server\jvm.dll
0x00007ffaab450000 - 0x00007ffaab502000 	C:\WINDOWS\System32\ADVAPI32.dll
0x00007ffaaae40000 - 0x00007ffaaaee8000 	C:\WINDOWS\System32\sechost.dll
0x00007ffaa8e30000 - 0x00007ffaa8e58000 	C:\WINDOWS\System32\bcrypt.dll
0x00007ffaab930000 - 0x00007ffaaba45000 	C:\WINDOWS\System32\RPCRT4.dll
0x00007ffa834a0000 - 0x00007ffa834a9000 	C:\WINDOWS\SYSTEM32\WSOCK32.dll
0x00007ffaa8810000 - 0x00007ffaa885d000 	C:\WINDOWS\SYSTEM32\POWRPROF.dll
0x00007ffaa0b60000 - 0x00007ffaa0b94000 	C:\WINDOWS\SYSTEM32\WINMM.dll
0x00007ffaa9990000 - 0x00007ffaa9a01000 	C:\WINDOWS\System32\WS2_32.dll
0x00007ffa9f630000 - 0x00007ffa9f63a000 	C:\WINDOWS\SYSTEM32\VERSION.dll
0x00007ffaa86c0000 - 0x00007ffaa86d3000 	C:\WINDOWS\SYSTEM32\UMPDC.dll
0x00007ffaa7d90000 - 0x00007ffaa7da8000 	C:\WINDOWS\SYSTEM32\kernel.appcore.dll
0x00007ffa88900000 - 0x00007ffa8890a000 	D:\android\jbr\bin\jimage.dll
0x00007ffa9e200000 - 0x00007ffa9e432000 	C:\WINDOWS\SYSTEM32\DBGHELP.DLL
0x00007ffaaaf00000 - 0x00007ffaab288000 	C:\WINDOWS\System32\combase.dll
0x00007ffaab660000 - 0x00007ffaab737000 	C:\WINDOWS\System32\OLEAUT32.dll
0x00007ffa9dda0000 - 0x00007ffa9ddd2000 	C:\WINDOWS\SYSTEM32\dbgcore.DLL
0x00007ffaa8db0000 - 0x00007ffaa8e29000 	C:\WINDOWS\System32\bcryptPrimitives.dll
0x00007ffa85d20000 - 0x00007ffa85d45000 	D:\android\jbr\bin\java.dll

dbghelp: loaded successfully - version: 4.0.5 - missing functions: none
symbol engine: initialized successfully - sym options: 0x614 - pdb path: .;D:\android\jbr\bin;C:\WINDOWS\SYSTEM32;C:\WINDOWS\WinSxS\amd64_microsoft.windows.common-controls_6595b64144ccf1df_6.0.22621.3527_none_270e469b73872a76;D:\android\jbr\bin\server

VM Arguments:
java_command: git4idea.http.GitAskPassApp Username for 'https://github.com': 
java_class_path (initial): D:/android/plugins/vcs-git/lib/git4idea-rt.jar;D:/android/lib/externalProcess-rt.jar
Launcher Type: SUN_STANDARD

[Global flags]
     intx CICompilerCount                          = 12                                        {product} {ergonomic}
     uint ConcGCThreads                            = 3                                         {product} {ergonomic}
     uint G1ConcRefinementThreads                  = 13                                        {product} {ergonomic}
   size_t G1HeapRegionSize                         = 2097152                                   {product} {ergonomic}
    uintx GCDrainStackTargetSize                   = 64                                        {product} {ergonomic}
   size_t InitialHeapSize                          = 260046848                                 {product} {ergonomic}
   size_t MarkStackSize                            = 4194304                                   {product} {ergonomic}
   size_t MaxHeapSize                              = 4135583744                                {product} {ergonomic}
   size_t MinHeapDeltaBytes                        = 2097152                                   {product} {ergonomic}
   size_t MinHeapSize                              = 8388608                                   {product} {ergonomic}
    uintx NonNMethodCodeHeapSize                   = 7602480                                {pd product} {ergonomic}
    uintx NonProfiledCodeHeapSize                  = 122027880                              {pd product} {ergonomic}
    uintx ProfiledCodeHeapSize                     = 122027880                              {pd product} {ergonomic}
    uintx ReservedCodeCacheSize                    = 251658240                              {pd product} {ergonomic}
     bool SegmentedCodeCache                       = true                                      {product} {ergonomic}
   size_t SoftMaxHeapSize                          = 4135583744                             {manageable} {ergonomic}
     bool UseCompressedClassPointers               = true                           {product lp64_product} {ergonomic}
     bool UseCompressedOops                        = true                           {product lp64_product} {ergonomic}
     bool UseG1GC                                  = true                                      {product} {ergonomic}
     bool UseLargePagesIndividualAllocation        = false                                  {pd product} {ergonomic}

Logging:
Log output configuration:
 #0: stdout all=warning uptime,level,tags
 #1: stderr all=off uptime,level,tags

Environment Variables:
PATH=D:\Gitt\mingw64\libexec\git-core;D:\Gitt\mingw64\libexec\git-core;D:\Gitt\mingw64\bin;D:\Gitt\usr\bin;C:\Users\samgi\bin;C:\Python312\Scripts;C:\Python312;C:\Program Files\Common Files\Oracle\Java\javapath;C:\Program Files (x86)\Common Files\Oracle\Java\javapath;C:\Windows\system32;C:\Windows;C:\Windows\System32\Wbem;C:\Windows\System32\WindowsPowerShell\v1.0;C:\Windows\System32\OpenSSH;C:\Program Files (x86)\NVIDIA Corporation\PhysX\Common;C:\Program Files\NVIDIA Corporation\NVIDIA NvDLISR;C:\WINDOWS\system32;C:\WINDOWS;C:\WINDOWS\System32\Wbem;C:\WINDOWS\System32\WindowsPowerShell\v1.0;C:\WINDOWS\System32\OpenSSH;C:\Program Files\dotnet;C:\Program Files (x86)\Microsoft SQL Server\150\Tools\Binn;C:\Program Files\Microsoft SQL Server\150\Tools\Binn;C:\Program Files\Microsoft SQL Server\150\DTS\Binn;C:\Program Files\Microsoft SQL Server\Client SDK\ODBC\170\Tools\Binn;C:\MinGW\bin;D:\xampD;D:\Gitt\htdocs\laravel\ComposerSetup;C:\php-8.3.7;C:\ProgramData\ComposerSetup\bin;D:\Gitt\cmd;C:\ProgramData\chocolatey\bin;C:\Users\samgi\AppData\Local\Microsoft\WindowsApps;D:\Microsoft VS Code\bin;C:\Program Files\JetBrains\IntelliJ IDEA 2023.2.5\bin;C:\MinGW\bin;C:\Users\samgi\AppData\Roaming\Composer\vendor\bin;D:\xampp\php
USERNAME=samgi
DISPLAY=:0.0
LC_ALL=en_US.UTF-8
TERM=xterm-256color
TMPDIR=C:\Users\samgi\AppData\Local\Temp
OS=Windows_NT
PROCESSOR_IDENTIFIER=AMD64 Family 25 Model 80 Stepping 0, AuthenticAMD
TMP=C:\Users\samgi\AppData\Local\Temp
TEMP=C:\Users\samgi\AppData\Local\Temp



Periodic native trim disabled

JNI global refs:
JNI global refs: 0, weak refs: 0

JNI global refs memory usage: 0, weak refs: 0

OOME stack traces (most recent first):
Classloader memory used:


---------------  S Y S T E M  ---------------

OS:
 Windows 11 , 64 bit Build 22621 (10.0.22621.3527)
OS uptime: 0 days 1:00 hours
Hyper-V role detected

CPU: total 16 (initial active 16) (16 cores per cpu, 2 threads per core) family 25 model 80 stepping 0 microcode 0x0, cx8, cmov, fxsr, ht, mmx, 3dnowpref, sse, sse2, sse3, ssse3, sse4a, sse4.1, sse4.2, popcnt, lzcnt, tsc, tscinvbit, avx, avx2, aes, erms, clmul, bmi1, bmi2, adx, sha, fma, vzeroupper, clflush, clflushopt, hv
Processor Information for all 16 processors :
  Max Mhz: 3201, Current Mhz: 3201, Mhz Limit: 3201

Memory: 4k page, system-wide physical 15773M (2694M free)
TotalPageFile size 16174M (AvailPageFile size 236M)
current process WorkingSet (physical memory assigned to process): 11M, peak: 11M
current process commit charge ("private bytes"): 70M, peak: 318M

vm_info: OpenJDK 64-Bit Server VM (17.0.9+0--11185874) for windows-amd64 JRE (17.0.9+0--11185874), built on Dec  6 2023 18:57:44 by "androidbuild" with MS VC++ 16.10 / 16.11 (VS2019)

END.
